[Mon Nov 07] Report built
[Mon Nov 07] Report built
[Tue Nov 08] Report built
[Tue Nov 08] Report built
[Tue Nov 08] Report built
[Tue Nov 08] Report built
[Thu Nov 10] Report built
[Thu Nov 10] Report built
[Thu Nov 10] Report built
[Thu Nov 10] Report built
[Thu Nov 10] Report built
[Thu Nov 10] Report built
[Thu Nov 10] Report built
[Thu Nov 10] Report built
[Thu Nov 10] Report built
[Thu Nov 10] Report built
[Thu Nov 10] Report built
[Thu Nov 10] Report built
[Thu Nov 10] Report built
[Thu Nov 10] Report built
[Thu Nov 10] Report built
[Thu Nov 10] Report built
[Thu Nov 10] Report built
[Thu Nov 10] Report built
[Thu Nov 10] Report built
[Thu Nov 10] Report built
[Thu Nov 10] Report built
[Thu Nov 10] Report built
[Thu Nov 10] Report built
[Thu Nov 10] Report built
[Thu Nov 10] Report built
[Thu Nov 10] Report built
[Thu Nov 10] Report built
[Thu Nov 10] Report built
[Thu Nov 10] Report built
[Thu Nov 10] Report built
[Thu Nov 10] Report built
[Thu Nov 10] Report built
[Thu Nov 10] Report built
[Thu Nov 10] Report built
[Thu Nov 10] Report built
[Thu Nov 10] Report built
[Thu Nov 10] Report built
[Thu Nov 10] Report built
[Fri Nov 11] Report built
[Fri Nov 11] Report built
[Fri Nov 11] Report built
[Fri Nov 11] Report built
[Fri Nov 11] Report built
[Fri Nov 11] Report built
[Fri Nov 11] Report built
[Fri Nov 11] Report built
[Fri Nov 11] Report built
[Fri Nov 11] Report built
[Fri Nov 11] Report built
[Sat Nov 12] Report built
[Sat Nov 12] Report built
[Sat Nov 12] Report built
[Sat Nov 12] Report built
[Sat Nov 12] Report built
[Sat Nov 12] Report built
[Sat Nov 12] Report built
[Sat Nov 12] Report built
[Sat Nov 12] Report built
[Sat Nov 12] Report built
[Sat Nov 12] Report built
[Sat Nov 12] Report built
[Sun Nov 13] Report built
[Sun Nov 13] Report built
[Sun Nov 13] Report built
[Sun Nov 13] Report built
[Sun Nov 13] Report built
[Sun Nov 13] Report built
