[ [ [ 'Chay: mì căn xào nấm sả ớt',
      '29,000',
      'Tú, Tuan, Duy, Vy',
      '4',
      '116,000' ],
    [ 'Thịt kho đậu hủ', '29,000', 'Khoa', '1', '29,000' ],
    [ 'Phá lấu', '29,000', 'Minh', '1', '29,000' ],
    [ 'Thịt xá xíu', '29,000', 'Duc, Sinh', '2', '58,000' ] ],
  [ [ 'Chay: đậu hủ nhồi hạt sen', '29,000', 'iToan', '1', '29,000' ],
    [ 'Rau luộc thập cẩm - trứng dầm',
      '29,000',
      'iToan',
      '1',
      '29,000' ],
    [ 'Cà tím nướng tôm thịt',
      '29,000',
      'vu html, Khoa, Vy',
      '3',
      '87,000' ],
    [ 'Mắm chưng - dưa leo', '29,000' ],
    [ '0', '0' ],
    [ 'Nấm xào tỏi', '29,000' ] ],
  [ [ 'Thịt ba chỉ rang mè', '29,000', 'Minh', '1', '29,000' ],
    [ 'Cá trê kho gừng', '29,000' ],
    [ '0', '0' ],
    [ 'Cá diêu hồng kho cay', '29,000' ],
    [ '0', '0' ],
    [ 'Cá cơm kho tiêu', '29,000', 'Tuan', '1', '29,000' ] ],
  [ [ 'Cá mó chiên sả', '29,000' ],
    [ '0', '0' ],
    [ 'Cá hường chiên sả', '29,000' ],
    [ '0', '0' ],
    [ 'Cá ngừ chiên sốt nước mắm tỏi ớt',
      '29,000',
      'TaiD',
      '1',
      '29,000' ],
    [ 'Cá đối chiên mắm me', '29,000', 'PhucQA', '1', '29,000' ] ],

  [ [ 'Gà kho gừng', '29,000', 'Toan html, Nam, khoi', '3', '87,000' ],
    [ 'Gà nướng sốt cam',
      '29,000',
      'Tú, Tuan, Duc, PhucQA',
      '4',
      '116,000' ],
    [ 'Gà nướng mè đen', '29,000', 'khoi', '1', '29,000' ],
    [ 'Gà om xì dầu', '29,000', 'Tú, Khoa, Minh', '3', '87,000' ] ],
  [ [ 'Thịt ba chỉ xào ruốc sả - dưa leo', '29,000' ],
    [ '0', '0' ],
    [ 'Thịt ba chỉ xào ruốc sả - dưa leo', '29,000' ],
    [ '0', '0' ],
    [ 'Thịt ba chỉ xào ruốc sả - dưa leo',
      '29,000',
      'M',
      '1',
      '29,000' ],
    [ 'Thịt ba chỉ xào ruốc sả - dưa leo', '29,000' ],
    [ '0', '0' ] ],
  [ [ 'Thịt kho trứng', '29,000', 'M', '1', '29,000' ],
    [ 'Thịt kho trứng', '29,000' ],
    [ '0', '0' ],
    [ 'Thịt kho trứng', '29,000' ],
    [ '0', '0' ],
    [ 'Thịt kho trứng', '29,000', 'khoi', '1', '29,000' ],
    [ 'Thịt kho trứng', '29,000' ] ],
  [ [ 'Thịt đúc trứng muối', '29,000' ],
    [ '0', '0' ],
    [ 'Thịt đúc trứng muối', '29,000' ],
    [ '0', '0' ],
    [ 'Thịt đúc trứng muối', '29,000' ],
    [ '0', '0' ],
    [ 'Thịt đúc trứng muối', '29,000' ],
    [ '0', '0' ],
    [ 'Thịt đúc trứng muối', '29,000' ] ],
  [ [ 'Ba rọi muối chiên giòn', '29,000', 'Sinh', '1', '29,000' ],
    [ 'Ba rọi muối chiên giòn', '29,000' ],
    [ '0', '0' ],
    [ 'Ba rọi muối chiên giòn', '29,000' ],
    [ '0', '0' ],
    [ 'Ba rọi muối chiên giòn', '29,000' ],
    [ '0', '0' ],
    [ 'Ba rọi muối chiên giòn', '29,000' ] ],
  [ [ '29,000' ],
    [ '0', '0' ],
    [ 'Gà nấu sa tế - bánh mì',
      '29,000',
      'khoi, Vy, Minh',
      '3',
      '87,000' ],
    [ '29,000' ],
    [ '0', '0' ],
    [ 'Gà nấu cà ri - bánh mì', '29,000', 'TaiD, Vy', '2', '58,000' ],
    [ '29,000' ] ],
  [ [ 'Sườn nấu đậu - bánh mì', '33,000', 'TaiD', '1', '33,000' ],
    [ '33,000' ],
    [ '0', '0' ],
    [ 'Bò nấu rượu vang - bánh mì', '33,000', 'ivinh', '1', '33,000' ],
    [ '33,000' ],
    [ '0', '0' ] ],
  [ [ 'Cá kèo kho rau răm', '33,000' ],
    [ '0', '0' ],
    [ 'Cá kèo kho rau răm', '33,000' ],
    [ '0', '0' ],
    [ 'Cá kèo kho rau răm', '33,000' ],
    [ '0', '0' ],
    [ 'Cá kèo kho rau răm', '33,000' ],
    [ '0', '0' ],
    [ 'Cá kèo kho rau răm', '33,000' ] ],
  [ [ 'Thịt đúc trứng tam vị', '33,000' ],
    [ '0', '0' ],
    [ 'Thịt đúc trứng tam vị', '33,000' ],
    [ '0', '0' ],
    [ 'Thịt đúc trứng tam vị', '33,000' ],
    [ '0', '0' ],
    [ 'Thịt đúc trứng tam vị', '33,000' ],
    [ '0', '0' ],
    [ 'Thịt đúc trứng tam vị', '33,000' ] ],
  [ [ 'Thịt heo quay kho cải chua',
      '33,000',
      'Truc, Duc, Vu html, Quoi OUS, Tu OUS, PhucQA, Khoa',
      '7',
      '231,000' ],
    [ 'Cá bông lau kho', '33,000', 'Duy', '1', '33,000' ],
    [ 'Cá thu đại dương kho cà',
      '33,000',
      'D.Vinh, Duy',
      '2',
      '66,000' ],
    [ 'Vịt kho gừng', '33,000', 'Huy, M', '2', '66,000' ] ],
  [ [ '33,000' ],
    [ '0', '0' ],
    [ 'Canh sườn hầm rau củ',
      '33,000',
      'Truc, D.Vinh, ivinh, vu html, TaiD',
      '5',
      '165,000' ],
    [ '33,000' ],
    [ '0', '0' ],
    [ 'Canh khồ qua nhồi thịt',
      '33,000',
      'D.Vinh, vu html, iToan',
      '3',
      '99,000' ] ],
  [ [ 'Hủ tíu dai xào tôm thịt', '33,000', 'Torin OUS', '1', '33,000' ],
    [ 'Hủ tíu dai xào tôm thịt', '33,000' ],
    [ '0', '0' ],
    [ 'Hủ tíu dai xào tôm thịt', '33,000' ],
    [ '0', '0' ],
    [ 'Hủ tíu dai xào tôm thịt', '33,000' ],
    [ '0', '0' ],
    [ 'Hủ tíu dai xào tôm thịt', '33,000' ] ],
  [ [ 'Mì Ý sốt thịt viên', '33,000' ],
    [ '0', '0' ],
    [ 'Mì Ý sốt thịt viên', '33,000', 'Sinh', '1', '33,000' ],
    [ 'Mì Ý sốt thịt viên', '33,000', 'khoi', '1', '33,000' ],
    [ 'Mì Ý sốt thịt viên', '33,000', 'ivinh', '1', '33,000' ],
    [ 'Mì Ý sốt thịt viên', '33,000' ] ],
  [ [ 'Miến xào thập cẩm', '33,000' ],
    [ '0', '0' ],
    [ 'Miến xào thập cẩm', '33,000' ],
    [ '0', '0' ],
    [ 'Miến xào thập cẩm', '33,000' ],
    [ '0', '0' ],
    [ 'Miến xào thập cẩm', '33,000' ],
    [ '0', '0' ],
    [ 'Miến xào thập cẩm', '33,000' ] ],
  [ [ 'Canh cá thác lác nấu xà lách xoong',
      '39,000',
      'D.Vinh, ivinh, aPhuc',
      '3',
      '117,000' ],
    [ 'Lươn xào sả ớt', '39,000', 'M', '1', '39,000' ],
    [ 'Canh rong biển nấu tôm', '39,000', 'iToan', '1', '39,000' ],

    [ '39,000' ],
    [ '0', '0' ] ],
  [ [ 'Cơm thịt bò xào - gỏi cải mầm', '39,000' ],
    [ '0', '0' ],
    [ 'Cơm thịt bò xào - gỏi cải mầm', '39,000' ],
    [ '0', '0' ],
    [ 'Cơm thịt bò xào - gỏi cải mầm', '39,000' ],
    [ '0', '0' ],
    [ 'Cơm thịt bò xào - gỏi cải mầm', '39,000' ],
    [ '0', '0' ] ],
  [ [ 'Nui xào thịt bò', '39,000' ],
    [ '0', '0' ],
    [ 'Nui xào thịt bò', '39,000' ],
    [ '0', '0' ],
    [ 'Nui xào thịt bò', '39,000' ],
    [ '0', '0' ],
    [ 'Nui xào thịt bò', '39,000' ],
    [ '0', '0' ],
    [ 'Nui xào thịt bò', '39,000' ] ],
  [ [ '39,000' ],
    [ '0' ],
    [ '39,000' ],
    [ '0' ],
    [ '39,000' ],
    [ '0' ],
    [ '39,000' ],
    [ '0' ],
    [ '39,000' ] ],
  [ [ 'Trái cây thập cẩm lớn', '28,000' ],
    [ '1', '28,000' ],
    [ 'Trái cây thập cẩm lớn', '28,000' ],
    [ '1', '28,000' ],
    [ 'Trái cây thập cẩm lớn', '28,000' ],
    [ '1', '28,000' ],
    [ 'Trái cây thập cẩm lớn', '28,000' ],
    [ '1', '28,000' ],
    [ 'Trái cây thập cẩm lớn', '28,000' ] ] ]