0 info it worked if it ends with ok
1 verbose cli [ 'C:\\Program Files\\nodejs\\node.exe',
1 verbose cli   'C:\\Users\\hoanganh25991\\AppData\\Roaming\\npm\\node_modules\\npm\\bin\\npm-cli.js',
1 verbose cli   'run',
1 verbose cli   'start' ]
2 info using npm@4.1.2
3 info using node@v8.0.0-nightly20161205196d27dd8c
4 verbose run-script [ 'prestart', 'start', 'poststart' ]
5 info lifecycle node-js-google-drive-api-get-started@1.0.0~prestart: node-js-google-drive-api-get-started@1.0.0
6 silly lifecycle node-js-google-drive-api-get-started@1.0.0~prestart: no script for prestart, continuing
7 info lifecycle node-js-google-drive-api-get-started@1.0.0~start: node-js-google-drive-api-get-started@1.0.0
8 verbose lifecycle node-js-google-drive-api-get-started@1.0.0~start: unsafe-perm in lifecycle true
9 verbose lifecycle node-js-google-drive-api-get-started@1.0.0~start: PATH: C:\Users\hoanganh25991\AppData\Roaming\npm\node_modules\npm\bin\node-gyp-bin;d:\work-station\node-js-google-drive-api-get-started\node_modules\.bin;C:\Program Files\cmder\bin;C:\Program Files\cmder\vendor\conemu-maximus5\ConEmu\Scripts;C:\Program Files\cmder\bin;C:\Program Files\cmder\vendor\conemu-maximus5\ConEmu\Scripts;C:\Program Files\cmder\bin;C:\Program Files\cmder\vendor\conemu-maximus5\ConEmu\Scripts;C:\Program Files\cmder\bin;C:\Program Files\cmder\vendor\conemu-maximus5\ConEmu\Scripts;C:\Program Files\cmder\vendor\conemu-maximus5;C:\Program Files\cmder\vendor\conemu-maximus5\ConEmu;C:\tools\ruby23\bin;C:\Python27\;C:\Python27\Scripts;C:\Program Files\Common Files\Microsoft Shared\Windows Live;C:\Program Files (x86)\Common Files\Microsoft Shared\Windows Live;C:\Program Files (x86)\NVIDIA Corporation\PhysX\Common;C:\Program Files (x86)\Intel\iCLS Client\;C:\Program Files\Intel\iCLS Client\;C:\Windows;C:\Windows\System32\Wbem;C:\Windows\System32\WindowsPowerShell\v1.0\;D:\program\php-5.6.22-win32-vc11-x64;C:\ProgramData\ComposerSetup\bin;D:\program\cmder;C:\Program Files\Intel\Intel(R) Management Engine Components\DAL;C:\Program Files (x86)\Intel\Intel(R) Management Engine Components\DAL;C:\Program Files\Intel\Intel(R) Management Engine Components\IPT;C:\Program Files (x86)\Intel\Intel(R) Management Engine Components\IPT;C:\Program Files (x86)\Skype\Phone\;C:\Program Files\MySQL\MySQL Server 5.7\bin;C:\Program Files\Git\cmd;C:\Program Files (x86)\Windows Live\Shared;C:\HashiCorp\Vagrant\bin;D:\program\aapt;C:\Program Files\7-Zip;C:\Program Files\cmder;D:\program\java\bin;D:\program\spark;C:\Users\hoanganh25991\cygwin\bin;D:\program\phantomjs;C:\Program Files\VideoLAN\VLC;C:\Program Files\Everything;D:\program\phpunit;D:\program\android\sdk\tools;D:\program\android\sdk\platform-tools;C:\Program Files\nodejs\;D:\program\heroku\bin;D:\program\nwjs-sdk-v0.17.3-win-x64;D:\program\ngrok-stable-win-x64;D:\program\elasticsearch-2.4.0\bin;D:\program\aria2-1.27.1-win-64bit-build1;C:\Program Files (x86)\Microsoft SQL Server\110\Tools\Binn\;C:\Program Files\Microsoft SQL Server\110\Tools\Binn\;C:\Program Files\Microsoft SQL Server\110\DTS\Binn\;D:\system32-shortcut\;C:\Windows\System32;C:\Program Files (x86)\Google\Cloud SDK\google-cloud-sdk\bin;C:\Program Files (x86)\Google\Cloud SDK\google-cloud-sdk\platform\google_appengine;C:\Program Files (x86)\putty;C:\Users\hoanganh25991\AppData\Roaming\npm\;C:\Program Files (x86)\Nmap;C:\Users\hoanganh25991\AppData\Roaming\Composer\vendor\bin;%APACHE%;C:\Program Files\sublime-text-3;C:\xampp\apache\bin;C:\Users\hoanganh25991\AppData\Local\.meteor;C:\Program Files\Microsoft.NET\SDK\v2.0 64bit\Bin;C:\Program Files\Docker Toolbox;C:\Program Files\Docker Toolbox;C:\ProgramData\chocolatey\bin;C:\ProgramData\chocolatey;C:\Python27\;C:\Python27\Scripts;C:\Program Files\Common Files\Microsoft Shared\Windows Live;C:\Program Files (x86)\Common Files\Microsoft Shared\Windows Live;C:\Program Files (x86)\NVIDIA Corporation\PhysX\Common;C:\Program Files (x86)\Intel\iCLS Client\;C:\Program Files\Intel\iCLS Client\;C:\Windows;C:\Windows\System32\Wbem;C:\Windows\System32\WindowsPowerShell\v1.0\;D:\program\php-5.6.22-win32-vc11-x64;C:\ProgramData\ComposerSetup\bin;D:\program\cmder;C:\Program Files\Intel\Intel(R) Management Engine Components\DAL;C:\Program Files (x86)\Intel\Intel(R) Management Engine Components\DAL;C:\Program Files\Intel\Intel(R) Management Engine Components\IPT;C:\Program Files (x86)\Intel\Intel(R) Management Engine Components\IPT;C:\Program Files (x86)\Skype\Phone\;C:\Program Files\MySQL\MySQL Server 5.7\bin;C:\Program Files\Git\cmd;C:\Program Files (x86)\Windows Live\Shared;C:\HashiCorp\Vagrant\bin;D:\program\aapt;C:\Program Files\7-Zip;C:\Program Files\cmder;D:\program\java\bin;D:\program\spark;C:\Users\hoanganh25991\cygwin\bin;D:\program\phantomjs;C:\Program Files\VideoLAN\VLC;C:\Program Files\Everything;D:\program\phpunit;D:\program\android\sdk\tools;D:\program\android\sdk\platform-tools;C:\Program Files\nodejs\;D:\program\heroku\bin;D:\program\nwjs-sdk-v0.17.3-win-x64;D:\program\ngrok-stable-win-x64;D:\program\elasticsearch-2.4.0\bin;D:\program\aria2-1.27.1-win-64bit-build1;C:\Program Files (x86)\Microsoft SQL Server\110\Tools\Binn\;C:\Program Files\Microsoft SQL Server\110\Tools\Binn\;C:\Program Files\Microsoft SQL Server\110\DTS\Binn\;D:\system32-shortcut\;C:\Windows\System32;C:\Program Files (x86)\Google\Cloud SDK\google-cloud-sdk\bin;C:\Program Files (x86)\Google\Cloud SDK\google-cloud-sdk\platform\google_appengine;C:\Program Files (x86)\putty;C:\Users\hoanganh25991\AppData\Roaming\npm\;C:\Program Files (x86)\Nmap;C:\Users\hoanganh25991\AppData\Roaming\Composer\vendor\bin;%APACHE%;C:\Program Files\sublime-text-3;C:\xampp\apache\bin;C:\Users\hoanganh25991\AppData\Local\.meteor;C:\Program Files\Microsoft.NET\SDK\v2.0 64bit\Bin;C:\Program Files\Docker Toolbox;;C:\Program Files (x86)\Microsoft VS Code\bin;C:\ProgramData\chocolatey;;C:\Program Files\Git\usr\bin;C:\Program Files\Git\usr\share\vim\vim74;C:\Program Files\cmder\;C:\Program Files\Git\usr\bin;C:\Program Files\Git\usr\share\vim\vim74;C:\Program Files\cmder\;C:\Program Files\Git\usr\bin;C:\Program Files\Git\usr\share\vim\vim74;C:\Program Files\cmder\;C:\Program Files\Git\usr\bin;C:\Program Files\Git\usr\share\vim\vim74;C:\Program Files\cmder\
10 verbose lifecycle node-js-google-drive-api-get-started@1.0.0~start: CWD: d:\work-station\node-js-google-drive-api-get-started
11 silly lifecycle node-js-google-drive-api-get-started@1.0.0~start: Args: [ '/d /s /c', 'node server' ]
12 silly lifecycle node-js-google-drive-api-get-started@1.0.0~start: Returned: code: 1  signal: null
13 info lifecycle node-js-google-drive-api-get-started@1.0.0~start: Failed to exec start script
14 verbose stack Error: node-js-google-drive-api-get-started@1.0.0 start: `node server`
14 verbose stack Exit status 1
14 verbose stack     at EventEmitter.<anonymous> (C:\Users\hoanganh25991\AppData\Roaming\npm\node_modules\npm\lib\utils\lifecycle.js:279:16)
14 verbose stack     at emitTwo (events.js:106:13)
14 verbose stack     at EventEmitter.emit (events.js:191:7)
14 verbose stack     at ChildProcess.<anonymous> (C:\Users\hoanganh25991\AppData\Roaming\npm\node_modules\npm\lib\utils\spawn.js:40:14)
14 verbose stack     at emitTwo (events.js:106:13)
14 verbose stack     at ChildProcess.emit (events.js:191:7)
14 verbose stack     at maybeClose (internal/child_process.js:885:16)
14 verbose stack     at Process.ChildProcess._handle.onexit (internal/child_process.js:226:5)
15 verbose pkgid node-js-google-drive-api-get-started@1.0.0
16 verbose cwd d:\work-station\node-js-google-drive-api-get-started
17 error Windows_NT 6.1.7601
18 error argv "C:\\Program Files\\nodejs\\node.exe" "C:\\Users\\hoanganh25991\\AppData\\Roaming\\npm\\node_modules\\npm\\bin\\npm-cli.js" "run" "start"
19 error node v8.0.0-nightly20161205196d27dd8c
20 error npm  v4.1.2
21 error code ELIFECYCLE
22 error node-js-google-drive-api-get-started@1.0.0 start: `node server`
22 error Exit status 1
23 error Failed at the node-js-google-drive-api-get-started@1.0.0 start script 'node server'.
23 error Make sure you have the latest version of node.js and npm installed.
23 error If you do, this is most likely a problem with the node-js-google-drive-api-get-started package,
23 error not with npm itself.
23 error Tell the author that this fails on your system:
23 error     node server
23 error You can get information on how to open an issue for this project with:
23 error     npm bugs node-js-google-drive-api-get-started
23 error Or if that isn't available, you can get their info via:
23 error     npm owner ls node-js-google-drive-api-get-started
23 error There is likely additional logging output above.
24 verbose exit [ 1, true ]
